mode: set
github.com/cale-i/building-modern-web-applications-with-go-bookings-project/internal/handlers/handlers.go:31.62,36.2 1 0
github.com/cale-i/building-modern-web-applications-with-go-bookings-project/internal/handlers/handlers.go:39.54,44.2 1 1
github.com/cale-i/building-modern-web-applications-with-go-bookings-project/internal/handlers/handlers.go:47.33,49.2 1 1
github.com/cale-i/building-modern-web-applications-with-go-bookings-project/internal/handlers/handlers.go:52.67,54.2 1 1
github.com/cale-i/building-modern-web-applications-with-go-bookings-project/internal/handlers/handlers.go:57.68,60.2 1 1
github.com/cale-i/building-modern-web-applications-with-go-bookings-project/internal/handlers/handlers.go:63.70,65.2 1 1
github.com/cale-i/building-modern-web-applications-with-go-bookings-project/internal/handlers/handlers.go:68.74,70.9 2 1
github.com/cale-i/building-modern-web-applications-with-go-bookings-project/internal/handlers/handlers.go:77.2,78.16 2 1
github.com/cale-i/building-modern-web-applications-with-go-bookings-project/internal/handlers/handlers.go:85.2,103.4 10 1
github.com/cale-i/building-modern-web-applications-with-go-bookings-project/internal/handlers/handlers.go:70.9,75.3 3 1
github.com/cale-i/building-modern-web-applications-with-go-bookings-project/internal/handlers/handlers.go:78.16,83.3 3 1
github.com/cale-i/building-modern-web-applications-with-go-bookings-project/internal/handlers/handlers.go:107.78,109.9 2 1
github.com/cale-i/building-modern-web-applications-with-go-bookings-project/internal/handlers/handlers.go:116.2,117.16 2 1
github.com/cale-i/building-modern-web-applications-with-go-bookings-project/internal/handlers/handlers.go:126.2,132.16 5 1
github.com/cale-i/building-modern-web-applications-with-go-bookings-project/internal/handlers/handlers.go:137.2,138.16 2 1
github.com/cale-i/building-modern-web-applications-with-go-bookings-project/internal/handlers/handlers.go:143.2,144.16 2 1
github.com/cale-i/building-modern-web-applications-with-go-bookings-project/internal/handlers/handlers.go:150.2,173.19 10 1
github.com/cale-i/building-modern-web-applications-with-go-bookings-project/internal/handlers/handlers.go:187.2,188.16 2 1
github.com/cale-i/building-modern-web-applications-with-go-bookings-project/internal/handlers/handlers.go:194.2,203.16 3 1
github.com/cale-i/building-modern-web-applications-with-go-bookings-project/internal/handlers/handlers.go:209.2,211.66 2 0
github.com/cale-i/building-modern-web-applications-with-go-bookings-project/internal/handlers/handlers.go:109.9,114.3 3 1
github.com/cale-i/building-modern-web-applications-with-go-bookings-project/internal/handlers/handlers.go:117.16,122.3 3 1
github.com/cale-i/building-modern-web-applications-with-go-bookings-project/internal/handlers/handlers.go:132.16,136.3 3 1
github.com/cale-i/building-modern-web-applications-with-go-bookings-project/internal/handlers/handlers.go:138.16,142.3 3 1
github.com/cale-i/building-modern-web-applications-with-go-bookings-project/internal/handlers/handlers.go:144.16,148.3 3 1
github.com/cale-i/building-modern-web-applications-with-go-bookings-project/internal/handlers/handlers.go:173.19,186.3 6 1
github.com/cale-i/building-modern-web-applications-with-go-bookings-project/internal/handlers/handlers.go:188.16,192.3 3 1
github.com/cale-i/building-modern-web-applications-with-go-bookings-project/internal/handlers/handlers.go:203.16,207.3 3 1
github.com/cale-i/building-modern-web-applications-with-go-bookings-project/internal/handlers/handlers.go:215.71,217.2 1 1
github.com/cale-i/building-modern-web-applications-with-go-bookings-project/internal/handlers/handlers.go:220.69,222.2 1 1
github.com/cale-i/building-modern-web-applications-with-go-bookings-project/internal/handlers/handlers.go:225.75,227.2 1 1
github.com/cale-i/building-modern-web-applications-with-go-bookings-project/internal/handlers/handlers.go:230.79,237.16 5 0
github.com/cale-i/building-modern-web-applications-with-go-bookings-project/internal/handlers/handlers.go:241.2,242.16 2 0
github.com/cale-i/building-modern-web-applications-with-go-bookings-project/internal/handlers/handlers.go:246.2,247.16 2 0
github.com/cale-i/building-modern-web-applications-with-go-bookings-project/internal/handlers/handlers.go:255.2,255.21 1 0
github.com/cale-i/building-modern-web-applications-with-go-bookings-project/internal/handlers/handlers.go:262.2,274.4 5 0
github.com/cale-i/building-modern-web-applications-with-go-bookings-project/internal/handlers/handlers.go:237.16,240.3 2 0
github.com/cale-i/building-modern-web-applications-with-go-bookings-project/internal/handlers/handlers.go:242.16,245.3 2 0
github.com/cale-i/building-modern-web-applications-with-go-bookings-project/internal/handlers/handlers.go:247.16,249.3 1 0
github.com/cale-i/building-modern-web-applications-with-go-bookings-project/internal/handlers/handlers.go:255.21,260.3 3 0
github.com/cale-i/building-modern-web-applications-with-go-bookings-project/internal/handlers/handlers.go:286.79,289.16 2 1
github.com/cale-i/building-modern-web-applications-with-go-bookings-project/internal/handlers/handlers.go:302.2,307.16 5 1
github.com/cale-i/building-modern-web-applications-with-go-bookings-project/internal/handlers/handlers.go:311.2,312.16 2 1
github.com/cale-i/building-modern-web-applications-with-go-bookings-project/internal/handlers/handlers.go:316.2,317.16 2 1
github.com/cale-i/building-modern-web-applications-with-go-bookings-project/internal/handlers/handlers.go:321.2,322.16 2 1
github.com/cale-i/building-modern-web-applications-with-go-bookings-project/internal/handlers/handlers.go:335.2,347.14 5 1
github.com/cale-i/building-modern-web-applications-with-go-bookings-project/internal/handlers/handlers.go:289.16,300.3 5 0
github.com/cale-i/building-modern-web-applications-with-go-bookings-project/internal/handlers/handlers.go:307.16,310.3 2 0
github.com/cale-i/building-modern-web-applications-with-go-bookings-project/internal/handlers/handlers.go:312.16,315.3 2 0
github.com/cale-i/building-modern-web-applications-with-go-bookings-project/internal/handlers/handlers.go:317.16,320.3 2 0
github.com/cale-i/building-modern-web-applications-with-go-bookings-project/internal/handlers/handlers.go:322.16,333.3 5 0
github.com/cale-i/building-modern-web-applications-with-go-bookings-project/internal/handlers/handlers.go:352.81,354.9 2 0
github.com/cale-i/building-modern-web-applications-with-go-bookings-project/internal/handlers/handlers.go:362.2,376.4 9 0
github.com/cale-i/building-modern-web-applications-with-go-bookings-project/internal/handlers/handlers.go:354.9,360.3 4 0
github.com/cale-i/building-modern-web-applications-with-go-bookings-project/internal/handlers/handlers.go:380.73,382.16 2 0
github.com/cale-i/building-modern-web-applications-with-go-bookings-project/internal/handlers/handlers.go:387.2,388.9 2 0
github.com/cale-i/building-modern-web-applications-with-go-bookings-project/internal/handlers/handlers.go:393.2,396.63 3 0
github.com/cale-i/building-modern-web-applications-with-go-bookings-project/internal/handlers/handlers.go:382.16,385.3 2 0
github.com/cale-i/building-modern-web-applications-with-go-bookings-project/internal/handlers/handlers.go:388.9,391.3 2 0
github.com/cale-i/building-modern-web-applications-with-go-bookings-project/internal/handlers/handlers.go:400.71,412.16 9 0
github.com/cale-i/building-modern-web-applications-with-go-bookings-project/internal/handlers/handlers.go:417.2,424.63 6 0
github.com/cale-i/building-modern-web-applications-with-go-bookings-project/internal/handlers/handlers.go:412.16,415.3 2 0
