mode: set
github.com/cale-i/building-modern-web-applications-with-go-bookings-project/internal/handlers/handlers.go:33.62,38.2 1 0
github.com/cale-i/building-modern-web-applications-with-go-bookings-project/internal/handlers/handlers.go:41.54,46.2 1 1
github.com/cale-i/building-modern-web-applications-with-go-bookings-project/internal/handlers/handlers.go:49.33,51.2 1 1
github.com/cale-i/building-modern-web-applications-with-go-bookings-project/internal/handlers/handlers.go:54.67,56.2 1 1
github.com/cale-i/building-modern-web-applications-with-go-bookings-project/internal/handlers/handlers.go:59.68,62.2 1 1
github.com/cale-i/building-modern-web-applications-with-go-bookings-project/internal/handlers/handlers.go:65.70,67.2 1 1
github.com/cale-i/building-modern-web-applications-with-go-bookings-project/internal/handlers/handlers.go:70.74,72.9 2 1
github.com/cale-i/building-modern-web-applications-with-go-bookings-project/internal/handlers/handlers.go:79.2,80.16 2 1
github.com/cale-i/building-modern-web-applications-with-go-bookings-project/internal/handlers/handlers.go:87.2,105.4 10 1
github.com/cale-i/building-modern-web-applications-with-go-bookings-project/internal/handlers/handlers.go:72.9,77.3 3 1
github.com/cale-i/building-modern-web-applications-with-go-bookings-project/internal/handlers/handlers.go:80.16,85.3 3 1
github.com/cale-i/building-modern-web-applications-with-go-bookings-project/internal/handlers/handlers.go:109.78,111.9 2 1
github.com/cale-i/building-modern-web-applications-with-go-bookings-project/internal/handlers/handlers.go:118.2,119.16 2 1
github.com/cale-i/building-modern-web-applications-with-go-bookings-project/internal/handlers/handlers.go:128.2,134.16 5 1
github.com/cale-i/building-modern-web-applications-with-go-bookings-project/internal/handlers/handlers.go:139.2,140.16 2 1
github.com/cale-i/building-modern-web-applications-with-go-bookings-project/internal/handlers/handlers.go:145.2,146.16 2 1
github.com/cale-i/building-modern-web-applications-with-go-bookings-project/internal/handlers/handlers.go:152.2,165.19 10 1
github.com/cale-i/building-modern-web-applications-with-go-bookings-project/internal/handlers/handlers.go:179.2,180.16 2 1
github.com/cale-i/building-modern-web-applications-with-go-bookings-project/internal/handlers/handlers.go:186.2,195.16 3 1
github.com/cale-i/building-modern-web-applications-with-go-bookings-project/internal/handlers/handlers.go:202.2,243.66 8 1
github.com/cale-i/building-modern-web-applications-with-go-bookings-project/internal/handlers/handlers.go:111.9,116.3 3 1
github.com/cale-i/building-modern-web-applications-with-go-bookings-project/internal/handlers/handlers.go:119.16,124.3 3 1
github.com/cale-i/building-modern-web-applications-with-go-bookings-project/internal/handlers/handlers.go:134.16,138.3 3 1
github.com/cale-i/building-modern-web-applications-with-go-bookings-project/internal/handlers/handlers.go:140.16,144.3 3 1
github.com/cale-i/building-modern-web-applications-with-go-bookings-project/internal/handlers/handlers.go:146.16,150.3 3 1
github.com/cale-i/building-modern-web-applications-with-go-bookings-project/internal/handlers/handlers.go:165.19,178.3 5 1
github.com/cale-i/building-modern-web-applications-with-go-bookings-project/internal/handlers/handlers.go:180.16,184.3 3 1
github.com/cale-i/building-modern-web-applications-with-go-bookings-project/internal/handlers/handlers.go:195.16,199.3 3 1
github.com/cale-i/building-modern-web-applications-with-go-bookings-project/internal/handlers/handlers.go:247.71,249.2 1 1
github.com/cale-i/building-modern-web-applications-with-go-bookings-project/internal/handlers/handlers.go:252.69,254.2 1 1
github.com/cale-i/building-modern-web-applications-with-go-bookings-project/internal/handlers/handlers.go:257.75,259.2 1 1
github.com/cale-i/building-modern-web-applications-with-go-bookings-project/internal/handlers/handlers.go:262.79,269.16 5 0
github.com/cale-i/building-modern-web-applications-with-go-bookings-project/internal/handlers/handlers.go:273.2,274.16 2 0
github.com/cale-i/building-modern-web-applications-with-go-bookings-project/internal/handlers/handlers.go:278.2,279.16 2 0
github.com/cale-i/building-modern-web-applications-with-go-bookings-project/internal/handlers/handlers.go:287.2,287.21 1 0
github.com/cale-i/building-modern-web-applications-with-go-bookings-project/internal/handlers/handlers.go:294.2,306.4 5 0
github.com/cale-i/building-modern-web-applications-with-go-bookings-project/internal/handlers/handlers.go:269.16,272.3 2 0
github.com/cale-i/building-modern-web-applications-with-go-bookings-project/internal/handlers/handlers.go:274.16,277.3 2 0
github.com/cale-i/building-modern-web-applications-with-go-bookings-project/internal/handlers/handlers.go:279.16,281.3 1 0
github.com/cale-i/building-modern-web-applications-with-go-bookings-project/internal/handlers/handlers.go:287.21,292.3 3 0
github.com/cale-i/building-modern-web-applications-with-go-bookings-project/internal/handlers/handlers.go:318.79,321.16 2 1
github.com/cale-i/building-modern-web-applications-with-go-bookings-project/internal/handlers/handlers.go:334.2,339.16 5 1
github.com/cale-i/building-modern-web-applications-with-go-bookings-project/internal/handlers/handlers.go:343.2,344.16 2 1
github.com/cale-i/building-modern-web-applications-with-go-bookings-project/internal/handlers/handlers.go:348.2,349.16 2 1
github.com/cale-i/building-modern-web-applications-with-go-bookings-project/internal/handlers/handlers.go:353.2,354.16 2 1
github.com/cale-i/building-modern-web-applications-with-go-bookings-project/internal/handlers/handlers.go:367.2,378.14 4 1
github.com/cale-i/building-modern-web-applications-with-go-bookings-project/internal/handlers/handlers.go:321.16,332.3 5 0
github.com/cale-i/building-modern-web-applications-with-go-bookings-project/internal/handlers/handlers.go:339.16,342.3 2 0
github.com/cale-i/building-modern-web-applications-with-go-bookings-project/internal/handlers/handlers.go:344.16,347.3 2 0
github.com/cale-i/building-modern-web-applications-with-go-bookings-project/internal/handlers/handlers.go:349.16,352.3 2 0
github.com/cale-i/building-modern-web-applications-with-go-bookings-project/internal/handlers/handlers.go:354.16,365.3 5 0
github.com/cale-i/building-modern-web-applications-with-go-bookings-project/internal/handlers/handlers.go:383.81,385.9 2 0
github.com/cale-i/building-modern-web-applications-with-go-bookings-project/internal/handlers/handlers.go:393.2,407.4 9 0
github.com/cale-i/building-modern-web-applications-with-go-bookings-project/internal/handlers/handlers.go:385.9,391.3 4 0
github.com/cale-i/building-modern-web-applications-with-go-bookings-project/internal/handlers/handlers.go:411.73,413.16 2 0
github.com/cale-i/building-modern-web-applications-with-go-bookings-project/internal/handlers/handlers.go:418.2,419.9 2 0
github.com/cale-i/building-modern-web-applications-with-go-bookings-project/internal/handlers/handlers.go:424.2,427.63 3 0
github.com/cale-i/building-modern-web-applications-with-go-bookings-project/internal/handlers/handlers.go:413.16,416.3 2 0
github.com/cale-i/building-modern-web-applications-with-go-bookings-project/internal/handlers/handlers.go:419.9,422.3 2 0
github.com/cale-i/building-modern-web-applications-with-go-bookings-project/internal/handlers/handlers.go:431.71,443.16 9 0
github.com/cale-i/building-modern-web-applications-with-go-bookings-project/internal/handlers/handlers.go:448.2,455.63 6 0
github.com/cale-i/building-modern-web-applications-with-go-bookings-project/internal/handlers/handlers.go:443.16,446.3 2 0
github.com/cale-i/building-modern-web-applications-with-go-bookings-project/internal/handlers/handlers.go:459.72,467.2 2 1
github.com/cale-i/building-modern-web-applications-with-go-bookings-project/internal/handlers/handlers.go:470.76,474.16 3 1
github.com/cale-i/building-modern-web-applications-with-go-bookings-project/internal/handlers/handlers.go:478.2,484.19 6 1
github.com/cale-i/building-modern-web-applications-with-go-bookings-project/internal/handlers/handlers.go:492.2,493.16 2 1
github.com/cale-i/building-modern-web-applications-with-go-bookings-project/internal/handlers/handlers.go:501.2,503.47 3 1
github.com/cale-i/building-modern-web-applications-with-go-bookings-project/internal/handlers/handlers.go:474.16,476.3 1 0
github.com/cale-i/building-modern-web-applications-with-go-bookings-project/internal/handlers/handlers.go:484.19,490.3 2 1
github.com/cale-i/building-modern-web-applications-with-go-bookings-project/internal/handlers/handlers.go:493.16,499.3 4 1
github.com/cale-i/building-modern-web-applications-with-go-bookings-project/internal/handlers/handlers.go:506.69,511.2 3 1
github.com/cale-i/building-modern-web-applications-with-go-bookings-project/internal/handlers/handlers.go:513.77,515.2 1 1
github.com/cale-i/building-modern-web-applications-with-go-bookings-project/internal/handlers/handlers.go:518.83,520.16 2 1
github.com/cale-i/building-modern-web-applications-with-go-bookings-project/internal/handlers/handlers.go:524.2,529.4 3 1
github.com/cale-i/building-modern-web-applications-with-go-bookings-project/internal/handlers/handlers.go:520.16,522.3 1 0
github.com/cale-i/building-modern-web-applications-with-go-bookings-project/internal/handlers/handlers.go:533.83,535.16 2 1
github.com/cale-i/building-modern-web-applications-with-go-bookings-project/internal/handlers/handlers.go:539.2,544.4 3 1
github.com/cale-i/building-modern-web-applications-with-go-bookings-project/internal/handlers/handlers.go:535.16,537.3 1 0
github.com/cale-i/building-modern-web-applications-with-go-bookings-project/internal/handlers/handlers.go:548.83,551.16 3 1
github.com/cale-i/building-modern-web-applications-with-go-bookings-project/internal/handlers/handlers.go:555.2,567.16 9 1
github.com/cale-i/building-modern-web-applications-with-go-bookings-project/internal/handlers/handlers.go:572.2,579.4 3 1
github.com/cale-i/building-modern-web-applications-with-go-bookings-project/internal/handlers/handlers.go:551.16,554.3 2 0
github.com/cale-i/building-modern-web-applications-with-go-bookings-project/internal/handlers/handlers.go:567.16,570.3 2 0
github.com/cale-i/building-modern-web-applications-with-go-bookings-project/internal/handlers/handlers.go:582.87,584.16 2 0
github.com/cale-i/building-modern-web-applications-with-go-bookings-project/internal/handlers/handlers.go:589.2,591.16 3 0
github.com/cale-i/building-modern-web-applications-with-go-bookings-project/internal/handlers/handlers.go:595.2,600.16 5 0
github.com/cale-i/building-modern-web-applications-with-go-bookings-project/internal/handlers/handlers.go:605.2,617.19 10 0
github.com/cale-i/building-modern-web-applications-with-go-bookings-project/internal/handlers/handlers.go:632.2,633.16 2 0
github.com/cale-i/building-modern-web-applications-with-go-bookings-project/internal/handlers/handlers.go:638.2,643.16 4 0
github.com/cale-i/building-modern-web-applications-with-go-bookings-project/internal/handlers/handlers.go:584.16,587.3 2 0
github.com/cale-i/building-modern-web-applications-with-go-bookings-project/internal/handlers/handlers.go:591.16,594.3 2 0
github.com/cale-i/building-modern-web-applications-with-go-bookings-project/internal/handlers/handlers.go:600.16,603.3 2 0
github.com/cale-i/building-modern-web-applications-with-go-bookings-project/internal/handlers/handlers.go:617.19,630.3 5 0
github.com/cale-i/building-modern-web-applications-with-go-bookings-project/internal/handlers/handlers.go:633.16,636.3 2 0
github.com/cale-i/building-modern-web-applications-with-go-bookings-project/internal/handlers/handlers.go:643.16,645.3 1 0
github.com/cale-i/building-modern-web-applications-with-go-bookings-project/internal/handlers/handlers.go:645.8,648.3 1 0
github.com/cale-i/building-modern-web-applications-with-go-bookings-project/internal/handlers/handlers.go:652.88,656.34 2 0
github.com/cale-i/building-modern-web-applications-with-go-bookings-project/internal/handlers/handlers.go:662.2,695.16 25 0
github.com/cale-i/building-modern-web-applications-with-go-bookings-project/internal/handlers/handlers.go:700.2,702.26 3 0
github.com/cale-i/building-modern-web-applications-with-go-bookings-project/internal/handlers/handlers.go:739.2,743.4 1 0
github.com/cale-i/building-modern-web-applications-with-go-bookings-project/internal/handlers/handlers.go:656.34,660.3 3 0
github.com/cale-i/building-modern-web-applications-with-go-bookings-project/internal/handlers/handlers.go:695.16,698.3 2 0
github.com/cale-i/building-modern-web-applications-with-go-bookings-project/internal/handlers/handlers.go:702.26,708.80 3 0
github.com/cale-i/building-modern-web-applications-with-go-bookings-project/internal/handlers/handlers.go:713.3,714.17 2 0
github.com/cale-i/building-modern-web-applications-with-go-bookings-project/internal/handlers/handlers.go:719.3,719.34 1 0
github.com/cale-i/building-modern-web-applications-with-go-bookings-project/internal/handlers/handlers.go:732.3,735.78 3 0
github.com/cale-i/building-modern-web-applications-with-go-bookings-project/internal/handlers/handlers.go:708.80,711.4 2 0
github.com/cale-i/building-modern-web-applications-with-go-bookings-project/internal/handlers/handlers.go:714.17,717.4 2 0
github.com/cale-i/building-modern-web-applications-with-go-bookings-project/internal/handlers/handlers.go:719.34,720.27 1 0
github.com/cale-i/building-modern-web-applications-with-go-bookings-project/internal/handlers/handlers.go:720.27,722.79 1 0
github.com/cale-i/building-modern-web-applications-with-go-bookings-project/internal/handlers/handlers.go:722.79,724.6 1 0
github.com/cale-i/building-modern-web-applications-with-go-bookings-project/internal/handlers/handlers.go:725.10,729.5 1 0
github.com/cale-i/building-modern-web-applications-with-go-bookings-project/internal/handlers/handlers.go:747.86,752.16 4 0
github.com/cale-i/building-modern-web-applications-with-go-bookings-project/internal/handlers/handlers.go:757.2,762.16 4 0
github.com/cale-i/building-modern-web-applications-with-go-bookings-project/internal/handlers/handlers.go:752.16,755.3 2 0
github.com/cale-i/building-modern-web-applications-with-go-bookings-project/internal/handlers/handlers.go:762.16,764.3 1 0
github.com/cale-i/building-modern-web-applications-with-go-bookings-project/internal/handlers/handlers.go:764.8,766.3 1 0
github.com/cale-i/building-modern-web-applications-with-go-bookings-project/internal/handlers/handlers.go:770.85,775.16 4 0
github.com/cale-i/building-modern-web-applications-with-go-bookings-project/internal/handlers/handlers.go:779.2,784.16 4 0
github.com/cale-i/building-modern-web-applications-with-go-bookings-project/internal/handlers/handlers.go:775.16,778.3 2 0
github.com/cale-i/building-modern-web-applications-with-go-bookings-project/internal/handlers/handlers.go:784.16,786.3 1 0
github.com/cale-i/building-modern-web-applications-with-go-bookings-project/internal/handlers/handlers.go:786.8,788.3 1 0
github.com/cale-i/building-modern-web-applications-with-go-bookings-project/internal/handlers/handlers.go:792.92,794.16 2 0
github.com/cale-i/building-modern-web-applications-with-go-bookings-project/internal/handlers/handlers.go:798.2,803.16 4 0
github.com/cale-i/building-modern-web-applications-with-go-bookings-project/internal/handlers/handlers.go:808.2,810.26 2 0
github.com/cale-i/building-modern-web-applications-with-go-bookings-project/internal/handlers/handlers.go:836.2,836.34 1 0
github.com/cale-i/building-modern-web-applications-with-go-bookings-project/internal/handlers/handlers.go:850.2,852.110 2 0
github.com/cale-i/building-modern-web-applications-with-go-bookings-project/internal/handlers/handlers.go:794.16,797.3 2 0
github.com/cale-i/building-modern-web-applications-with-go-bookings-project/internal/handlers/handlers.go:803.16,806.3 2 0
github.com/cale-i/building-modern-web-applications-with-go-bookings-project/internal/handlers/handlers.go:810.26,815.35 2 0
github.com/cale-i/building-modern-web-applications-with-go-bookings-project/internal/handlers/handlers.go:815.35,817.35 1 0
github.com/cale-i/building-modern-web-applications-with-go-bookings-project/internal/handlers/handlers.go:817.35,820.16 1 0
github.com/cale-i/building-modern-web-applications-with-go-bookings-project/internal/handlers/handlers.go:820.16,821.66 1 0
github.com/cale-i/building-modern-web-applications-with-go-bookings-project/internal/handlers/handlers.go:821.66,825.21 2 0
github.com/cale-i/building-modern-web-applications-with-go-bookings-project/internal/handlers/handlers.go:825.21,827.8 1 0
github.com/cale-i/building-modern-web-applications-with-go-bookings-project/internal/handlers/handlers.go:836.34,837.43 1 0
github.com/cale-i/building-modern-web-applications-with-go-bookings-project/internal/handlers/handlers.go:837.43,844.18 6 0
github.com/cale-i/building-modern-web-applications-with-go-bookings-project/internal/handlers/handlers.go:844.18,846.5 1 0
